<?xml version="1.0" encoding="UTF-8"?>
<!-- Generated by org.testng.reporters.JUnitXMLReporter -->
<testsuite ignored="0" hostname="krisat1407" failures="0" tests="2" name="Test3" time="2.362" errors="0" timestamp="2025-10-29T23:00:55 PDT">
  <testcase classname="week5day4.DeleteLead" name="deleteLead" time="0.0">
    <skipped/>
  </testcase> <!-- deleteLead -->
  <testcase classname="week5day4.CreateLead" name="createLead" time="0.0">
    <skipped/>
  </testcase> <!-- createLead -->
</testsuite> <!-- Test3 -->
