<?xml version="1.0" encoding="UTF-8"?>
<testng-results ignored="0" total="2" passed="2" failed="0" skipped="0">
  <reporter-output>
  </reporter-output>
  <suite started-at="2025-11-04T23:12:16 PST" name="Default suite" finished-at="2025-11-04T23:12:35 PST" duration-ms="18260">
    <groups>
      <group name="cucumber">
        <method signature="AbstractTestNGCucumberTests.runScenario(io.cucumber.testng.PickleWrapper,io.cucumber.testng.FeatureWrapper)[pri:0, instance:runner.RunnerClass@564fabc8]" name="runScenario" class="io.cucumber.testng.AbstractTestNGCucumberTests"/>
      </group> <!-- cucumber -->
    </groups>
    <test started-at="2025-11-04T23:12:16 PST" name="Default test" finished-at="2025-11-04T23:12:35 PST" duration-ms="18260">
      <class name="runner.RunnerClass">
        <test-method is-config="true" signature="setUpClass(org.testng.ITestContext)[pri:0, instance:runner.RunnerClass@564fabc8]" started-at="2025-11-04T23:12:16 PST" name="setUpClass" finished-at="2025-11-04T23:12:17 PST" duration-ms="466" status="PASS">
          <params>
            <param index="0">
              <value>
                <![CDATA[org.testng.TestRunner@895416d]]>
              </value>
            </param>
          </params>
          <reporter-output>
          </reporter-output>
        </test-method> <!-- setUpClass -->
        <test-method is-config="true" signature="preCondition()[pri:0, instance:runner.RunnerClass@564fabc8]" started-at="2025-11-04T23:12:17 PST" name="preCondition" finished-at="2025-11-04T23:12:25 PST" duration-ms="8446" status="PASS">
          <reporter-output>
          </reporter-output>
        </test-method> <!-- preCondition -->
        <test-method signature="runScenario(io.cucumber.testng.PickleWrapper,io.cucumber.testng.FeatureWrapper)[pri:0, instance:runner.RunnerClass@564fabc8]" started-at="2025-11-04T23:12:25 PST" name="runScenario" description="Runs Cucumber Scenarios" data-provider="scenarios" finished-at="2025-11-04T23:12:26 PST" duration-ms="938" status="PASS">
          <params>
            <param index="0">
              <value>
                <![CDATA["Login with valid credentials"]]>
              </value>
            </param>
            <param index="1">
              <value>
                <![CDATA["Logging in to the Leaftaps application"]]>
              </value>
            </param>
          </params>
          <reporter-output>
          </reporter-output>
        </test-method> <!-- runScenario -->
        <test-method is-config="true" signature="postCondition()[pri:0, instance:runner.RunnerClass@564fabc8]" started-at="2025-11-04T23:12:26 PST" name="postCondition" finished-at="2025-11-04T23:12:26 PST" duration-ms="186" status="PASS">
          <reporter-output>
          </reporter-output>
        </test-method> <!-- postCondition -->
        <test-method is-config="true" signature="preCondition()[pri:0, instance:runner.RunnerClass@564fabc8]" started-at="2025-11-04T23:12:26 PST" name="preCondition" finished-at="2025-11-04T23:12:33 PST" duration-ms="6184" status="PASS">
          <reporter-output>
          </reporter-output>
        </test-method> <!-- preCondition -->
        <test-method signature="runScenario(io.cucumber.testng.PickleWrapper,io.cucumber.testng.FeatureWrapper)[pri:0, instance:runner.RunnerClass@564fabc8]" started-at="2025-11-04T23:12:33 PST" name="runScenario" description="Runs Cucumber Scenarios" data-provider="scenarios" finished-at="2025-11-04T23:12:34 PST" duration-ms="862" status="PASS">
          <params>
            <param index="0">
              <value>
                <![CDATA["Login with Invalid credentials"]]>
              </value>
            </param>
            <param index="1">
              <value>
                <![CDATA["Logging in to the Leaftaps application"]]>
              </value>
            </param>
          </params>
          <reporter-output>
          </reporter-output>
        </test-method> <!-- runScenario -->
        <test-method is-config="true" signature="postCondition()[pri:0, instance:runner.RunnerClass@564fabc8]" started-at="2025-11-04T23:12:34 PST" name="postCondition" finished-at="2025-11-04T23:12:34 PST" duration-ms="182" status="PASS">
          <reporter-output>
          </reporter-output>
        </test-method> <!-- postCondition -->
        <test-method is-config="true" signature="tearDownClass()[pri:0, instance:runner.RunnerClass@564fabc8]" started-at="2025-11-04T23:12:34 PST" name="tearDownClass" finished-at="2025-11-04T23:12:35 PST" duration-ms="959" status="PASS">
          <reporter-output>
          </reporter-output>
        </test-method> <!-- tearDownClass -->
      </class> <!-- runner.RunnerClass -->
    </test> <!-- Default test -->
  </suite> <!-- Default suite -->
</testng-results>
